<?xml version="1.0" encoding="utf-8"?><testsuites name="pytest tests"><testsuite name="pytest" errors="0" failures="0" skipped="0" tests="16" time="4.155" timestamp="2026-01-09T19:54:27.311376+00:00" hostname="agent-env-967fd680-27a0-4df6-b4ff-d41e311fa267"><testcase classname="tests.test_new_auth_methods.TestLinkedInOAuth" name="test_linkedin_callback_creates_new_user" time="0.079" /><testcase classname="tests.test_new_auth_methods.TestLinkedInOAuth" name="test_linkedin_callback_updates_existing_user" time="0.315" /><testcase classname="tests.test_new_auth_methods.TestLinkedInOAuth" name="test_linkedin_callback_returns_valid_jwt" time="0.090" /><testcase classname="tests.test_new_auth_methods.TestLinkedInOAuth" name="test_linkedin_callback_missing_email" time="0.081" /><testcase classname="tests.test_new_auth_methods.TestMagicLink" name="test_magic_link_send_new_user" time="1.363" /><testcase classname="tests.test_new_auth_methods.TestMagicLink" name="test_magic_link_send_existing_user" time="0.536" /><testcase classname="tests.test_new_auth_methods.TestMagicLink" name="test_magic_link_verify_valid_token" time="0.330" /><testcase classname="tests.test_new_auth_methods.TestMagicLink" name="test_magic_link_verify_invalid_token" time="0.081" /><testcase classname="tests.test_new_auth_methods.TestMagicLink" name="test_magic_link_token_single_use" time="0.370" /><testcase classname="tests.test_new_auth_methods.TestMagicLink" name="test_magic_link_missing_email" time="0.037" /><testcase classname="tests.test_new_auth_methods.TestPasskey" name="test_passkey_register_options_existing_user" time="0.333" /><testcase classname="tests.test_new_auth_methods.TestPasskey" name="test_passkey_register_options_nonexistent_user" time="0.044" /><testcase classname="tests.test_new_auth_methods.TestPasskey" name="test_passkey_authenticate_options_existing_user" time="0.300" /><testcase classname="tests.test_new_auth_methods.TestPasskey" name="test_passkey_authenticate_options_discoverable" time="0.040" /><testcase classname="tests.test_new_auth_methods.TestPasskey" name="test_passkey_authenticate_options_nonexistent_user" time="0.042" /><testcase classname="tests.test_new_auth_methods.TestLoginPageAuthOptions" name="test_api_health" time="0.041" /></testsuite></testsuites>