<?xml version="1.0" encoding="utf-8"?><testsuites name="pytest tests"><testsuite name="pytest" errors="0" failures="0" skipped="0" tests="14" time="2.018" timestamp="2026-01-09T19:13:37.127329+00:00" hostname="agent-env-967fd680-27a0-4df6-b4ff-d41e311fa267"><testcase classname="tests.test_oauth_multi_provider.TestOAuthEndpoints" name="test_google_oauth_callback_creates_new_user" time="1.096" /><testcase classname="tests.test_oauth_multi_provider.TestOAuthEndpoints" name="test_google_oauth_callback_updates_existing_user" time="0.066" /><testcase classname="tests.test_oauth_multi_provider.TestOAuthEndpoints" name="test_apple_oauth_callback_creates_new_user" time="0.041" /><testcase classname="tests.test_oauth_multi_provider.TestOAuthEndpoints" name="test_apple_oauth_callback_updates_existing_user" time="0.058" /><testcase classname="tests.test_oauth_multi_provider.TestOAuthEndpoints" name="test_microsoft_oauth_callback_creates_new_user" time="0.042" /><testcase classname="tests.test_oauth_multi_provider.TestOAuthEndpoints" name="test_microsoft_oauth_callback_updates_existing_user" time="0.099" /><testcase classname="tests.test_oauth_multi_provider.TestOAuthEndpoints" name="test_facebook_oauth_callback_creates_new_user" time="0.043" /><testcase classname="tests.test_oauth_multi_provider.TestOAuthEndpoints" name="test_facebook_oauth_callback_updates_existing_user" time="0.095" /><testcase classname="tests.test_oauth_multi_provider.TestOAuthEndpoints" name="test_oauth_returns_valid_jwt_token" time="0.050" /><testcase classname="tests.test_oauth_multi_provider.TestOAuthEndpoints" name="test_user_can_connect_multiple_providers" time="0.059" /><testcase classname="tests.test_oauth_multi_provider.TestOAuthEndpoints" name="test_oauth_callback_requires_email" time="0.044" /><testcase classname="tests.test_oauth_multi_provider.TestOAuthEndpoints" name="test_oauth_callback_requires_session_token" time="0.039" /><testcase classname="tests.test_oauth_multi_provider.TestHealthAndBasicEndpoints" name="test_api_root_endpoint" time="0.049" /><testcase classname="tests.test_oauth_multi_provider.TestHealthAndBasicEndpoints" name="test_check_email_endpoint" time="0.043" /></testsuite></testsuites>