<?xml version="1.0" encoding="utf-8"?><testsuites name="pytest tests"><testsuite name="pytest" errors="0" failures="0" skipped="0" tests="12" time="5.158" timestamp="2026-01-06T20:37:58.174929+00:00" hostname="agent-env-74af0e87-2cd2-4a87-9dff-156662d4e843"><testcase classname="tests.test_ppi_30q_autosave.TestPPIQuestionStructure" name="test_ppi_returns_30_questions" time="0.523" /><testcase classname="tests.test_ppi_30q_autosave.TestPPIQuestionStructure" name="test_likert_questions_have_correct_type" time="0.433" /><testcase classname="tests.test_ppi_30q_autosave.TestPPIQuestionStructure" name="test_mcq_questions_have_correct_type" time="0.428" /><testcase classname="tests.test_ppi_30q_autosave.TestPPIAutoSave" name="test_autosave_single_answer" time="0.403" /><testcase classname="tests.test_ppi_30q_autosave.TestPPIAutoSave" name="test_autosave_multiple_answers" time="0.379" /><testcase classname="tests.test_ppi_30q_autosave.TestPPIAutoSave" name="test_autosave_updates_existing_draft" time="0.462" /><testcase classname="tests.test_ppi_30q_autosave.TestPPIDraftRestore" name="test_draft_returns_no_draft_initially" time="0.376" /><testcase classname="tests.test_ppi_30q_autosave.TestPPIDraftRestore" name="test_draft_returns_saved_progress" time="0.413" /><testcase classname="tests.test_ppi_30q_autosave.TestPPIDraftRestore" name="test_draft_delete_works" time="0.412" /><testcase classname="tests.test_ppi_30q_autosave.TestPPIFullSubmission" name="test_submit_all_30_questions" time="0.354" /><testcase classname="tests.test_ppi_30q_autosave.TestPPIFullSubmission" name="test_submit_clears_draft" time="0.455" /><testcase classname="tests.test_ppi_30q_autosave.TestPPIAnswersPersistence" name="test_ppi_answers_saved_to_collection" time="0.377" /></testsuite></testsuites>