<?xml version="1.0" encoding="utf-8"?><testsuites name="pytest tests"><testsuite name="pytest" errors="0" failures="0" skipped="0" tests="11" time="4.286" timestamp="2026-01-05T23:46:11.144444+00:00" hostname="agent-env-74af0e87-2cd2-4a87-9dff-156662d4e843"><testcase classname="tests.test_ppi_flow.TestHealthAndBasics" name="test_api_root" time="0.079" /><testcase classname="tests.test_ppi_flow.TestUserRegistration" name="test_register_7_year_old" time="0.299" /><testcase classname="tests.test_ppi_flow.TestUserRegistration" name="test_register_45_year_old" time="0.268" /><testcase classname="tests.test_ppi_flow.TestPPIFlow" name="test_ppi_questions_7yo_returns_20_questions" time="0.399" /><testcase classname="tests.test_ppi_flow.TestPPIFlow" name="test_ppi_questions_45yo_returns_20_questions" time="0.322" /><testcase classname="tests.test_ppi_flow.TestPPIFlow" name="test_ppi_adaptation_difference" time="0.666" /><testcase classname="tests.test_ppi_flow.TestPPIFlow" name="test_ppi_no_emojis_in_questions" time="0.344" /><testcase classname="tests.test_ppi_flow.TestPPISubmit" name="test_ppi_submit_full_flow" time="0.544" /><testcase classname="tests.test_ppi_flow.TestDashboardAndLPI" name="test_lpi_content_accessible" time="0.410" /><testcase classname="tests.test_ppi_flow.TestDashboardAndLPI" name="test_progress_endpoint" time="0.387" /><testcase classname="tests.test_ppi_flow.TestQuizAdaptation" name="test_quiz_adaptation_for_young_user" time="0.430" /></testsuite></testsuites>